<?xml version="1.0" encoding="UTF-8"?>
<testng-results skipped="0" failed="0" ignored="0" total="1" passed="1">
  <reporter-output>
  </reporter-output>
  <suite name="Suite" duration-ms="32414" started-at="2018-01-08T08:04:59Z" finished-at="2018-01-08T08:05:31Z">
    <groups>
    </groups>
    <test name="FunctionalTest" duration-ms="32414" started-at="2018-01-08T08:04:59Z" finished-at="2018-01-08T08:05:31Z">
      <class name="com.Test.TestCase1">
        <test-method status="PASS" signature="configureBrowser(java.lang.String)[pri:0, instance:com.Test.TestCase1@6e8dacdf]" name="configureBrowser" is-config="true" duration-ms="6338" started-at="2018-01-08T13:34:59Z" finished-at="2018-01-08T13:35:05Z">
          <params>
            <param index="0">
              <value>
                <![CDATA[Chrome]]>
              </value>
            </param>
          </params>
          <reporter-output>
          </reporter-output>
        </test-method> <!-- configureBrowser -->
        <test-method status="PASS" signature="createNewCptyGeneraltab()[pri:1, instance:com.Test.TestCase1@6e8dacdf]" name="createNewCptyGeneraltab" duration-ms="25996" started-at="2018-01-08T13:35:05Z" finished-at="2018-01-08T13:35:31Z">
          <reporter-output>
          </reporter-output>
        </test-method> <!-- createNewCptyGeneraltab -->
      </class> <!-- com.Test.TestCase1 -->
    </test> <!-- FunctionalTest -->
  </suite> <!-- Suite -->
</testng-results>
